Arguments: 
  C:\Program Files\nodejs\node.exe C:\Program Files\nodejs\node_modules\yarn\bin\yarn.js -v

PATH: 
  C:\ProgramData\Oracle\Java\javapath;C:\Windows\system32;C:\Windows;C:\Windows\System32\Wbem;C:\Windows\System32\WindowsPowerShell\v1.0\;D:\Develop\jdk1.8\bin;D:\Develop\maven\apache-maven-3.5.0\bin;D:\Develop\mysql-5.7.18-winx64\bin;C:\Users\Administrator\AppData\Roaming\nvm;C:\Program Files\nodejs;;C:\Program Files (x86)\Microsoft VS Code\bin;C:\Users\Administrator\AppData\Roaming\nvm;C:\Program Files\nodejs

Yarn version: 
  0.27.5

Node version: 
  8.0.0

Platform: 
  win32 x64

npm manifest: 
  {
    "name": "my-config",
    "version": "1.0.0",
    "description": "",
    "main": "index.js",
    "scripts": {
      "dev": "node demo-webpack",
      "test": "echo \"Error: no test specified\" && exit 1"
    },
    "author": "",
    "license": "ISC",
    "dependencies": {
      "chalk": "^2.1.0",
      "opn": "^5.1.0",
      "react": "^15.6.1",
      "react-dom": "^15.6.1",
      "react-router": "^3.0.5",
      "webpack": "^3.5.5",
      "webpack-dev-server": "^2.7.1"
    }
  }

yarn manifest: 
  No manifest

Lockfile: 
  No lockfile

Trace: 
  Error: connect ETIMEDOUT 104.16.63.173:443
      at Object.exports._errnoException (util.js:1026:11)
      at exports._exceptionWithHostPort (util.js:1049:20)
      at TCPConnectWrap.afterConnect [as oncomplete] (net.js:1136:14)
